This file contains any messages produced by compilers while
running configure, to aid debugging if configure makes a mistake.

It was created by configure, which was
generated by GNU Autoconf 2.65.  Invocation command line was

  $ ./configure 

## --------- ##
## Platform. ##
## --------- ##

hostname = Andromeda
uname -m = i686
uname -r = 3.0.0-22-generic
uname -s = Linux
uname -v = #36-Ubuntu SMP Tue Jun 12 17:13:04 UTC 2012

/usr/bin/uname -p = unknown
/bin/uname -X     = unknown

/bin/arch              = unknown
/usr/bin/arch -k       = unknown
/usr/convex/getsysinfo = unknown
/usr/bin/hostinfo      = unknown
/bin/machine           = unknown
/usr/bin/oslevel       = unknown
/bin/universe          = unknown

PATH: /opt/ros/electric/ros/bin
PATH: /opt/ros/electric/ros/bin
PATH: /usr/lib/lightdm/lightdm
PATH: /usr/local/sbin
PATH: /usr/local/bin
PATH: /usr/sbin
PATH: /usr/bin
PATH: /sbin
PATH: /bin
PATH: /usr/games


## ----------- ##
## Core tests. ##
## ----------- ##

configure:2533: checking build system type
configure:2547: result: i686-pc-linux-gnu
configure:2567: checking host system type
configure:2580: result: i686-pc-linux-gnu
configure:2600: checking target system type
configure:2613: result: i686-pc-linux-gnu
configure:2688: checking for gcc
configure:2704: found /usr/bin/gcc
configure:2715: result: gcc
configure:2944: checking for C compiler version
configure:2953: gcc --version >&5
gcc (Ubuntu/Linaro 4.6.1-9ubuntu3) 4.6.1
Copyright (C) 2011 Free Software Foundation, Inc.
This is free software; see the source for copying conditions.  There is NO
warranty; not even for MERCHANTABILITY or FITNESS FOR A PARTICULAR PURPOSE.

configure:2964: $? = 0
configure:2953: gcc -v >&5
Using built-in specs.
COLLECT_GCC=gcc
COLLECT_LTO_WRAPPER=/usr/lib/gcc/i686-linux-gnu/4.6.1/lto-wrapper
Target: i686-linux-gnu
Configured with: ../src/configure -v --with-pkgversion='Ubuntu/Linaro 4.6.1-9ubuntu3' --with-bugurl=file:///usr/share/doc/gcc-4.6/README.Bugs --enable-languages=c,c++,fortran,objc,obj-c++,go --prefix=/usr --program-suffix=-4.6 --enable-shared --enable-linker-build-id --with-system-zlib --libexecdir=/usr/lib --without-included-gettext --enable-threads=posix --with-gxx-include-dir=/usr/include/c++/4.6 --libdir=/usr/lib --enable-nls --with-sysroot=/ --enable-clocale=gnu --enable-libstdcxx-debug --enable-libstdcxx-time=yes --enable-plugin --enable-objc-gc --enable-targets=all --disable-werror --with-arch-32=i686 --with-tune=generic --enable-checking=release --build=i686-linux-gnu --host=i686-linux-gnu --target=i686-linux-gnu
Thread model: posix
gcc version 4.6.1 (Ubuntu/Linaro 4.6.1-9ubuntu3) 
configure:2964: $? = 0
configure:2953: gcc -V >&5
gcc: error: unrecognized option '-V'
gcc: fatal error: no input files
compilation terminated.
configure:2964: $? = 4
configure:2953: gcc -qversion >&5
gcc: error: unrecognized option '-qversion'
gcc: fatal error: no input files
compilation terminated.
configure:2964: $? = 4
configure:2984: checking whether the C compiler works
configure:3006: gcc    conftest.c  >&5
configure:3010: $? = 0
configure:3059: result: yes
configure:3062: checking for C compiler default output file name
configure:3064: result: a.out
configure:3070: checking for suffix of executables
configure:3077: gcc -o conftest    conftest.c  >&5
configure:3081: $? = 0
configure:3103: result: 
configure:3125: checking whether we are cross compiling
configure:3133: gcc -o conftest    conftest.c  >&5
configure:3137: $? = 0
configure:3144: ./conftest
configure:3148: $? = 0
configure:3163: result: no
configure:3168: checking for suffix of object files
configure:3190: gcc -c   conftest.c >&5
configure:3194: $? = 0
configure:3215: result: o
configure:3219: checking whether we are using the GNU C compiler
configure:3238: gcc -c   conftest.c >&5
configure:3238: $? = 0
configure:3247: result: yes
configure:3256: checking whether gcc accepts -g
configure:3276: gcc -c -g  conftest.c >&5
configure:3276: $? = 0
configure:3317: result: yes
configure:3334: checking for gcc option to accept ISO C89
configure:3398: gcc  -c -g -O2  conftest.c >&5
configure:3398: $? = 0
configure:3411: result: none needed
configure:3436: checking how to run the C preprocessor
configure:3467: gcc -E  conftest.c
configure:3467: $? = 0
configure:3481: gcc -E  conftest.c
conftest.c:9:28: fatal error: ac_nonexistent.h: No such file or directory
compilation terminated.
configure:3481: $? = 1
configure: failed program was:
| /* confdefs.h */
| #define PACKAGE_NAME ""
| #define PACKAGE_TARNAME ""
| #define PACKAGE_VERSION ""
| #define PACKAGE_STRING ""
| #define PACKAGE_BUGREPORT ""
| #define PACKAGE_URL ""
| /* end confdefs.h.  */
| #include <ac_nonexistent.h>
configure:3506: result: gcc -E
configure:3526: gcc -E  conftest.c
configure:3526: $? = 0
configure:3540: gcc -E  conftest.c
conftest.c:9:28: fatal error: ac_nonexistent.h: No such file or directory
compilation terminated.
configure:3540: $? = 1
configure: failed program was:
| /* confdefs.h */
| #define PACKAGE_NAME ""
| #define PACKAGE_TARNAME ""
| #define PACKAGE_VERSION ""
| #define PACKAGE_STRING ""
| #define PACKAGE_BUGREPORT ""
| #define PACKAGE_URL ""
| /* end confdefs.h.  */
| #include <ac_nonexistent.h>
configure:3626: checking for g++
configure:3642: found /usr/bin/g++
configure:3653: result: g++
configure:3680: checking for C++ compiler version
configure:3689: g++ --version >&5
g++ (Ubuntu/Linaro 4.6.1-9ubuntu3) 4.6.1
Copyright (C) 2011 Free Software Foundation, Inc.
This is free software; see the source for copying conditions.  There is NO
warranty; not even for MERCHANTABILITY or FITNESS FOR A PARTICULAR PURPOSE.

configure:3700: $? = 0
configure:3689: g++ -v >&5
Using built-in specs.
COLLECT_GCC=g++
COLLECT_LTO_WRAPPER=/usr/lib/gcc/i686-linux-gnu/4.6.1/lto-wrapper
Target: i686-linux-gnu
Configured with: ../src/configure -v --with-pkgversion='Ubuntu/Linaro 4.6.1-9ubuntu3' --with-bugurl=file:///usr/share/doc/gcc-4.6/README.Bugs --enable-languages=c,c++,fortran,objc,obj-c++,go --prefix=/usr --program-suffix=-4.6 --enable-shared --enable-linker-build-id --with-system-zlib --libexecdir=/usr/lib --without-included-gettext --enable-threads=posix --with-gxx-include-dir=/usr/include/c++/4.6 --libdir=/usr/lib --enable-nls --with-sysroot=/ --enable-clocale=gnu --enable-libstdcxx-debug --enable-libstdcxx-time=yes --enable-plugin --enable-objc-gc --enable-targets=all --disable-werror --with-arch-32=i686 --with-tune=generic --enable-checking=release --build=i686-linux-gnu --host=i686-linux-gnu --target=i686-linux-gnu
Thread model: posix
gcc version 4.6.1 (Ubuntu/Linaro 4.6.1-9ubuntu3) 
configure:3700: $? = 0
configure:3689: g++ -V >&5
g++: error: unrecognized option '-V'
g++: fatal error: no input files
compilation terminated.
configure:3700: $? = 4
configure:3689: g++ -qversion >&5
g++: error: unrecognized option '-qversion'
g++: fatal error: no input files
compilation terminated.
configure:3700: $? = 4
configure:3704: checking whether we are using the GNU C++ compiler
configure:3723: g++ -c   conftest.cpp >&5
configure:3723: $? = 0
configure:3732: result: yes
configure:3741: checking whether g++ accepts -g
configure:3761: g++ -c -g  conftest.cpp >&5
configure:3761: $? = 0
configure:3802: result: yes
configure:3830: checking how to run the C++ preprocessor
configure:3857: g++ -E  conftest.cpp
configure:3857: $? = 0
configure:3871: g++ -E  conftest.cpp
conftest.cpp:9:28: fatal error: ac_nonexistent.h: No such file or directory
compilation terminated.
configure:3871: $? = 1
configure: failed program was:
| /* confdefs.h */
| #define PACKAGE_NAME ""
| #define PACKAGE_TARNAME ""
| #define PACKAGE_VERSION ""
| #define PACKAGE_STRING ""
| #define PACKAGE_BUGREPORT ""
| #define PACKAGE_URL ""
| /* end confdefs.h.  */
| #include <ac_nonexistent.h>
configure:3896: result: g++ -E
configure:3916: g++ -E  conftest.cpp
configure:3916: $? = 0
configure:3930: g++ -E  conftest.cpp
conftest.cpp:9:28: fatal error: ac_nonexistent.h: No such file or directory
compilation terminated.
configure:3930: $? = 1
configure: failed program was:
| /* confdefs.h */
| #define PACKAGE_NAME ""
| #define PACKAGE_TARNAME ""
| #define PACKAGE_VERSION ""
| #define PACKAGE_STRING ""
| #define PACKAGE_BUGREPORT ""
| #define PACKAGE_URL ""
| /* end confdefs.h.  */
| #include <ac_nonexistent.h>
configure:4070: checking for C++ compiler version
configure:4079: g++ --version >&5
g++ (Ubuntu/Linaro 4.6.1-9ubuntu3) 4.6.1
Copyright (C) 2011 Free Software Foundation, Inc.
This is free software; see the source for copying conditions.  There is NO
warranty; not even for MERCHANTABILITY or FITNESS FOR A PARTICULAR PURPOSE.

configure:4090: $? = 0
configure:4079: g++ -v >&5
Using built-in specs.
COLLECT_GCC=g++
COLLECT_LTO_WRAPPER=/usr/lib/gcc/i686-linux-gnu/4.6.1/lto-wrapper
Target: i686-linux-gnu
Configured with: ../src/configure -v --with-pkgversion='Ubuntu/Linaro 4.6.1-9ubuntu3' --with-bugurl=file:///usr/share/doc/gcc-4.6/README.Bugs --enable-languages=c,c++,fortran,objc,obj-c++,go --prefix=/usr --program-suffix=-4.6 --enable-shared --enable-linker-build-id --with-system-zlib --libexecdir=/usr/lib --without-included-gettext --enable-threads=posix --with-gxx-include-dir=/usr/include/c++/4.6 --libdir=/usr/lib --enable-nls --with-sysroot=/ --enable-clocale=gnu --enable-libstdcxx-debug --enable-libstdcxx-time=yes --enable-plugin --enable-objc-gc --enable-targets=all --disable-werror --with-arch-32=i686 --with-tune=generic --enable-checking=release --build=i686-linux-gnu --host=i686-linux-gnu --target=i686-linux-gnu
Thread model: posix
gcc version 4.6.1 (Ubuntu/Linaro 4.6.1-9ubuntu3) 
configure:4090: $? = 0
configure:4079: g++ -V >&5
g++: error: unrecognized option '-V'
g++: fatal error: no input files
compilation terminated.
configure:4090: $? = 4
configure:4079: g++ -qversion >&5
g++: error: unrecognized option '-qversion'
g++: fatal error: no input files
compilation terminated.
configure:4090: $? = 4
configure:4094: checking whether we are using the GNU C++ compiler
configure:4122: result: yes
configure:4131: checking whether g++ accepts -g
configure:4192: result: yes
configure:4241: checking for a sed that does not truncate output
configure:4305: result: /bin/sed
configure:4323: checking for grep that handles long lines and -e
configure:4381: result: /bin/grep
configure:4386: checking for egrep
configure:4448: result: /bin/grep -E
configure:4453: checking for fgrep
configure:4515: result: /bin/grep -F
configure:4550: checking for ld used by gcc
configure:4617: result: /usr/bin/ld
configure:4624: checking if the linker (/usr/bin/ld) is GNU ld
configure:4639: result: yes
configure:4651: checking for BSD- or MS-compatible name lister (nm)
configure:4700: result: /usr/bin/nm -B
configure:4818: checking the name lister (/usr/bin/nm -B) interface
configure:4825: gcc -c -g -O2  conftest.c >&5
configure:4828: /usr/bin/nm -B "conftest.o"
configure:4831: output
00000000 B some_variable
configure:4838: result: BSD nm
configure:4841: checking whether ln -s works
configure:4845: result: yes
configure:4853: checking the maximum length of command line arguments
configure:4973: result: 1572864
configure:4990: checking whether the shell understands some XSI constructs
configure:5000: result: yes
configure:5004: checking whether the shell understands "+="
configure:5010: result: yes
configure:5045: checking for /usr/bin/ld option to reload object files
configure:5052: result: -r
configure:5121: checking for objdump
configure:5137: found /usr/bin/objdump
configure:5148: result: objdump
configure:5180: checking how to recognize dependent libraries
configure:5376: result: pass_all
configure:5436: checking for ar
configure:5452: found /usr/bin/ar
configure:5463: result: ar
configure:5541: checking for strip
configure:5557: found /usr/bin/strip
configure:5568: result: strip
configure:5640: checking for ranlib
configure:5656: found /usr/bin/ranlib
configure:5667: result: ranlib
configure:5757: checking command to parse /usr/bin/nm -B output from gcc object
configure:5875: gcc -c -g -O2  conftest.c >&5
configure:5878: $? = 0
configure:5882: /usr/bin/nm -B conftest.o \| sed -n -e 's/^.*[	 ]\([ABCDGIRSTW][ABCDGIRSTW]*\)[	 ][	 ]*\([_A-Za-z][_A-Za-z0-9]*\)$/\1 \2 \2/p' \> conftest.nm
configure:5885: $? = 0
configure:5939: gcc -o conftest -g -O2   conftest.c conftstm.o >&5
configure:5942: $? = 0
configure:5980: result: ok
configure:6785: checking for ANSI C header files
configure:6805: gcc -c -g -O2  conftest.c >&5
configure:6805: $? = 0
configure:6878: gcc -o conftest -g -O2   conftest.c  >&5
configure:6878: $? = 0
configure:6878: ./conftest
configure:6878: $? = 0
configure:6889: result: yes
configure:6902: checking for sys/types.h
configure:6902: gcc -c -g -O2  conftest.c >&5
configure:6902: $? = 0
configure:6902: result: yes
configure:6902: checking for sys/stat.h
configure:6902: gcc -c -g -O2  conftest.c >&5
configure:6902: $? = 0
configure:6902: result: yes
configure:6902: checking for stdlib.h
configure:6902: gcc -c -g -O2  conftest.c >&5
configure:6902: $? = 0
configure:6902: result: yes
configure:6902: checking for string.h
configure:6902: gcc -c -g -O2  conftest.c >&5
configure:6902: $? = 0
configure:6902: result: yes
configure:6902: checking for memory.h
configure:6902: gcc -c -g -O2  conftest.c >&5
configure:6902: $? = 0
configure:6902: result: yes
configure:6902: checking for strings.h
configure:6902: gcc -c -g -O2  conftest.c >&5
configure:6902: $? = 0
configure:6902: result: yes
configure:6902: checking for inttypes.h
configure:6902: gcc -c -g -O2  conftest.c >&5
configure:6902: $? = 0
configure:6902: result: yes
configure:6902: checking for stdint.h
configure:6902: gcc -c -g -O2  conftest.c >&5
configure:6902: $? = 0
configure:6902: result: yes
configure:6902: checking for unistd.h
configure:6902: gcc -c -g -O2  conftest.c >&5
configure:6902: $? = 0
configure:6902: result: yes
configure:6917: checking for dlfcn.h
configure:6917: gcc -c -g -O2  conftest.c >&5
configure:6917: $? = 0
configure:6917: result: yes
configure:7042: checking for C++ compiler version
configure:7051: g++ --version >&5
g++ (Ubuntu/Linaro 4.6.1-9ubuntu3) 4.6.1
Copyright (C) 2011 Free Software Foundation, Inc.
This is free software; see the source for copying conditions.  There is NO
warranty; not even for MERCHANTABILITY or FITNESS FOR A PARTICULAR PURPOSE.

configure:7062: $? = 0
configure:7051: g++ -v >&5
Using built-in specs.
COLLECT_GCC=g++
COLLECT_LTO_WRAPPER=/usr/lib/gcc/i686-linux-gnu/4.6.1/lto-wrapper
Target: i686-linux-gnu
Configured with: ../src/configure -v --with-pkgversion='Ubuntu/Linaro 4.6.1-9ubuntu3' --with-bugurl=file:///usr/share/doc/gcc-4.6/README.Bugs --enable-languages=c,c++,fortran,objc,obj-c++,go --prefix=/usr --program-suffix=-4.6 --enable-shared --enable-linker-build-id --with-system-zlib --libexecdir=/usr/lib --without-included-gettext --enable-threads=posix --with-gxx-include-dir=/usr/include/c++/4.6 --libdir=/usr/lib --enable-nls --with-sysroot=/ --enable-clocale=gnu --enable-libstdcxx-debug --enable-libstdcxx-time=yes --enable-plugin --enable-objc-gc --enable-targets=all --disable-werror --with-arch-32=i686 --with-tune=generic --enable-checking=release --build=i686-linux-gnu --host=i686-linux-gnu --target=i686-linux-gnu
Thread model: posix
gcc version 4.6.1 (Ubuntu/Linaro 4.6.1-9ubuntu3) 
configure:7062: $? = 0
configure:7051: g++ -V >&5
g++: error: unrecognized option '-V'
g++: fatal error: no input files
compilation terminated.
configure:7062: $? = 4
configure:7051: g++ -qversion >&5
g++: error: unrecognized option '-qversion'
g++: fatal error: no input files
compilation terminated.
configure:7062: $? = 4
configure:7066: checking whether we are using the GNU C++ compiler
configure:7094: result: yes
configure:7103: checking whether g++ accepts -g
configure:7164: result: yes
configure:7195: checking how to run the C++ preprocessor
configure:7261: result: g++ -E
configure:7281: g++ -E  conftest.cpp
configure:7281: $? = 0
configure:7295: g++ -E  conftest.cpp
conftest.cpp:20:28: fatal error: ac_nonexistent.h: No such file or directory
compilation terminated.
configure:7295: $? = 1
configure: failed program was:
| /* confdefs.h */
| #define PACKAGE_NAME ""
| #define PACKAGE_TARNAME ""
| #define PACKAGE_VERSION ""
| #define PACKAGE_STRING ""
| #define PACKAGE_BUGREPORT ""
| #define PACKAGE_URL ""
| #define STDC_HEADERS 1
| #define HAVE_SYS_TYPES_H 1
| #define HAVE_SYS_STAT_H 1
| #define HAVE_STDLIB_H 1
| #define HAVE_STRING_H 1
| #define HAVE_MEMORY_H 1
| #define HAVE_STRINGS_H 1
| #define HAVE_INTTYPES_H 1
| #define HAVE_STDINT_H 1
| #define HAVE_UNISTD_H 1
| #define HAVE_DLFCN_H 1
| /* end confdefs.h.  */
| #include <ac_nonexistent.h>
configure:7501: checking for objdir
configure:7516: result: .libs
configure:7812: checking if gcc supports -fno-rtti -fno-exceptions
configure:7830: gcc -c -g -O2  -fno-rtti -fno-exceptions conftest.c >&5
cc1: warning: command line option '-fno-rtti' is valid for C++/ObjC++ but not for C [enabled by default]
configure:7834: $? = 0
configure:7847: result: no
configure:7867: checking for gcc option to produce PIC
configure:8139: result: -fPIC -DPIC
configure:8151: checking if gcc PIC flag -fPIC -DPIC works
configure:8169: gcc -c -g -O2  -fPIC -DPIC -DPIC conftest.c >&5
configure:8173: $? = 0
configure:8186: result: yes
configure:8210: checking if gcc static flag -static works
configure:8238: result: yes
configure:8253: checking if gcc supports -c -o file.o
configure:8274: gcc -c -g -O2  -o out/conftest2.o conftest.c >&5
configure:8278: $? = 0
configure:8300: result: yes
configure:8308: checking if gcc supports -c -o file.o
configure:8355: result: yes
configure:8388: checking whether the gcc linker (/usr/bin/ld) supports shared libraries
configure:9379: result: yes
configure:9416: checking whether -lc should be explicitly linked in
configure:9421: gcc -c -g -O2  conftest.c >&5
configure:9424: $? = 0
configure:9439: gcc -shared conftest.o  -v -Wl,-soname -Wl,conftest -o conftest 2\>\&1 \| /bin/grep  -lc  \>/dev/null 2\>\&1
configure:9442: $? = 0
configure:9454: result: no
configure:9618: checking dynamic linker characteristics
configure:10051: gcc -o conftest -g -O2   -Wl,-rpath -Wl,/foo conftest.c  >&5
configure:10051: $? = 0
configure:10281: result: GNU/Linux ld.so
configure:10383: checking how to hardcode library paths into programs
configure:10408: result: immediate
configure:10928: checking whether stripping libraries is possible
configure:10933: result: yes
configure:10968: checking if libtool supports shared libraries
configure:10970: result: yes
configure:10973: checking whether to build shared libraries
configure:10994: result: yes
configure:10997: checking whether to build static libraries
configure:11001: result: yes
configure:11151: checking for ld used by g++
configure:11218: result: /usr/bin/ld
configure:11225: checking if the linker (/usr/bin/ld) is GNU ld
configure:11240: result: yes
configure:11295: checking whether the g++ linker (/usr/bin/ld) supports shared libraries
configure:12208: result: yes
configure:12236: g++ -c -g -O2  conftest.cpp >&5
configure:12239: $? = 0
configure:12421: checking for g++ option to produce PIC
configure:12738: result: -fPIC -DPIC
configure:12747: checking if g++ PIC flag -fPIC -DPIC works
configure:12765: g++ -c -g -O2  -fPIC -DPIC -DPIC conftest.cpp >&5
configure:12769: $? = 0
configure:12782: result: yes
configure:12803: checking if g++ static flag -static works
configure:12831: result: yes
configure:12843: checking if g++ supports -c -o file.o
configure:12864: g++ -c -g -O2  -o out/conftest2.o conftest.cpp >&5
configure:12868: $? = 0
configure:12890: result: yes
configure:12895: checking if g++ supports -c -o file.o
configure:12942: result: yes
configure:12972: checking whether the g++ linker (/usr/bin/ld) supports shared libraries
configure:13001: result: yes
configure:13138: checking dynamic linker characteristics
configure:13519: g++ -o conftest -g -O2   -Wl,-rpath -Wl,/foo conftest.cpp  >&5
configure:13519: $? = 0
configure:13749: result: GNU/Linux ld.so
configure:13800: checking how to hardcode library paths into programs
configure:13825: result: immediate
configure:13899: checking for a BSD-compatible install
configure:13967: result: /usr/bin/install -c
configure:13978: checking whether build environment is sane
configure:14028: result: yes
configure:14169: checking for a thread-safe mkdir -p
configure:14208: result: /bin/mkdir -p
configure:14221: checking for gawk
configure:14251: result: no
configure:14221: checking for mawk
configure:14237: found /usr/bin/mawk
configure:14248: result: mawk
configure:14259: checking whether make sets $(MAKE)
configure:14281: result: yes
configure:14311: checking for style of include used by make
configure:14339: result: GNU
configure:14424: checking dependency style of gcc
configure:14534: result: none
configure:14551: checking dependency style of g++
configure:14661: result: none
configure:14680: checking for C/C++ restrict keyword
configure:14705: gcc -c -g -O2  conftest.c >&5
configure:14705: $? = 0
configure:14713: result: __restrict
configure:14726: checking for working volatile
configure:14745: gcc -c -g -O2  conftest.c >&5
configure:14745: $? = 0
configure:14752: result: yes
configure:14760: checking for inline
configure:14776: gcc -c -g -O2  conftest.c >&5
configure:14776: $? = 0
configure:14784: result: inline
configure:14861: checking for libgcrypt-config
configure:14879: found /usr/bin/libgcrypt-config
configure:14892: result: /usr/bin/libgcrypt-config
configure:14909: checking for LIBGCRYPT - version >= 1.2.3
configure:14943: result: yes (1.5.0)
configure:14955: checking LIBGCRYPT API version
configure:14958: result: okay
configure:14973: checking gcrypt.h usability
configure:14973: gcc -c -g -O2  conftest.c >&5
configure:14973: $? = 0
configure:14973: result: yes
configure:14973: checking gcrypt.h presence
configure:14973: gcc -E  conftest.c
configure:14973: $? = 0
configure:14973: result: yes
configure:14973: checking for gcrypt.h
configure:14973: result: yes
configure:15133: checking for ranlib
configure:15160: result: ranlib
configure:15191: checking for genorated automake files
configure:15203: result: found
configure:15209: checking whether to enable maintainer-specific portions of Makefiles
configure:15218: result: no
configure:15294: checking for pkg-config
configure:15312: found /usr/bin/pkg-config
configure:15324: result: /usr/bin/pkg-config
configure:15349: checking pkg-config is at least version 0.9.0
configure:15352: result: yes
configure:15363: checking for COMMON
configure:15371: $PKG_CONFIG --exists --print-errors "libccgnu2 >= $REQUIRES"
configure:15374: $? = 0
configure:15389: $PKG_CONFIG --exists --print-errors "libccgnu2 >= $REQUIRES"
configure:15392: $? = 0
configure:15447: result: yes
configure:15465: checking for debugging
configure:15478: result: no
configure:15480: checking for profiling
configure:15492: result: no
configure:15569: checking for doxygen
configure:15587: found /usr/bin/doxygen
configure:15600: result: /usr/bin/doxygen
configure:15764: creating ./config.status

## ---------------------- ##
## Running config.status. ##
## ---------------------- ##

This file was extended by config.status, which was
generated by GNU Autoconf 2.65.  Invocation command line was

  CONFIG_FILES    = 
  CONFIG_HEADERS  = 
  CONFIG_LINKS    = 
  CONFIG_COMMANDS = 
  $ ./config.status 

on Andromeda

config.status:1169: creating Makefile
config.status:1169: creating m4/Makefile
config.status:1169: creating src/Makefile
config.status:1169: creating src/ccrtp/Makefile
config.status:1169: creating doc/Makefile
config.status:1169: creating demo/Makefile
config.status:1169: creating phone/Makefile
config.status:1169: creating w32/Makefile
config.status:1169: creating ccrtp.spec
config.status:1169: creating ccrtp.list
config.status:1277: WARNING:  'ccrtp.list.in' seems to ignore the --datarootdir setting
config.status:1169: creating libccrtp1.pc
config.status:1169: creating src/ccrtp/crypto/Makefile
config.status:1169: creating src/config.h
config.status:1389: executing libtool commands
config.status:1389: executing depfiles commands

## ---------------- ##
## Cache variables. ##
## ---------------- ##

ac_cv_build=i686-pc-linux-gnu
ac_cv_c_compiler_gnu=yes
ac_cv_c_inline=inline
ac_cv_c_restrict=__restrict
ac_cv_c_volatile=yes
ac_cv_cxx_compiler_gnu=yes
ac_cv_env_CCC_set=
ac_cv_env_CCC_value=
ac_cv_env_CC_set=
ac_cv_env_CC_value=
ac_cv_env_CFLAGS_set=
ac_cv_env_CFLAGS_value=
ac_cv_env_COMMON_CFLAGS_set=
ac_cv_env_COMMON_CFLAGS_value=
ac_cv_env_COMMON_LIBS_set=
ac_cv_env_COMMON_LIBS_value=
ac_cv_env_CPPFLAGS_set=
ac_cv_env_CPPFLAGS_value=
ac_cv_env_CPP_set=
ac_cv_env_CPP_value=
ac_cv_env_CXXCPP_set=
ac_cv_env_CXXCPP_value=
ac_cv_env_CXXFLAGS_set=
ac_cv_env_CXXFLAGS_value=
ac_cv_env_CXX_set=
ac_cv_env_CXX_value=
ac_cv_env_LDFLAGS_set=
ac_cv_env_LDFLAGS_value=
ac_cv_env_LIBS_set=
ac_cv_env_LIBS_value=
ac_cv_env_PKG_CONFIG_set=
ac_cv_env_PKG_CONFIG_value=
ac_cv_env_build_alias_set=
ac_cv_env_build_alias_value=
ac_cv_env_host_alias_set=
ac_cv_env_host_alias_value=
ac_cv_env_target_alias_set=
ac_cv_env_target_alias_value=
ac_cv_header_dlfcn_h=yes
ac_cv_header_gcrypt_h=yes
ac_cv_header_inttypes_h=yes
ac_cv_header_memory_h=yes
ac_cv_header_stdc=yes
ac_cv_header_stdint_h=yes
ac_cv_header_stdlib_h=yes
ac_cv_header_string_h=yes
ac_cv_header_strings_h=yes
ac_cv_header_sys_stat_h=yes
ac_cv_header_sys_types_h=yes
ac_cv_header_unistd_h=yes
ac_cv_host=i686-pc-linux-gnu
ac_cv_objext=o
ac_cv_path_DOXYGEN=/usr/bin/doxygen
ac_cv_path_EGREP='/bin/grep -E'
ac_cv_path_FGREP='/bin/grep -F'
ac_cv_path_GREP=/bin/grep
ac_cv_path_LIBGCRYPT_CONFIG=/usr/bin/libgcrypt-config
ac_cv_path_SED=/bin/sed
ac_cv_path_ac_pt_PKG_CONFIG=/usr/bin/pkg-config
ac_cv_path_install='/usr/bin/install -c'
ac_cv_path_mkdir=/bin/mkdir
ac_cv_prog_AWK=mawk
ac_cv_prog_CPP='gcc -E'
ac_cv_prog_CXXCPP='g++ -E'
ac_cv_prog_ac_ct_AR=ar
ac_cv_prog_ac_ct_CC=gcc
ac_cv_prog_ac_ct_CXX=g++
ac_cv_prog_ac_ct_OBJDUMP=objdump
ac_cv_prog_ac_ct_RANLIB=ranlib
ac_cv_prog_ac_ct_STRIP=strip
ac_cv_prog_cc_c89=
ac_cv_prog_cc_g=yes
ac_cv_prog_cxx_g=yes
ac_cv_prog_make_make_set=yes
ac_cv_target=i686-pc-linux-gnu
am_cv_CC_dependencies_compiler_type=none
am_cv_CXX_dependencies_compiler_type=none
lt_cv_deplibs_check_method=pass_all
lt_cv_file_magic_cmd='$MAGIC_CMD'
lt_cv_file_magic_test_file=
lt_cv_ld_reload_flag=-r
lt_cv_nm_interface='BSD nm'
lt_cv_objdir=.libs
lt_cv_path_LD=/usr/bin/ld
lt_cv_path_LDCXX=/usr/bin/ld
lt_cv_path_NM='/usr/bin/nm -B'
lt_cv_prog_compiler_c_o=yes
lt_cv_prog_compiler_c_o_CXX=yes
lt_cv_prog_compiler_pic_works=yes
lt_cv_prog_compiler_pic_works_CXX=yes
lt_cv_prog_compiler_rtti_exceptions=no
lt_cv_prog_compiler_static_works=yes
lt_cv_prog_compiler_static_works_CXX=yes
lt_cv_prog_gnu_ld=yes
lt_cv_prog_gnu_ldcxx=yes
lt_cv_sys_global_symbol_pipe='sed -n -e '\''s/^.*[	 ]\([ABCDGIRSTW][ABCDGIRSTW]*\)[	 ][	 ]*\([_A-Za-z][_A-Za-z0-9]*\)$/\1 \2 \2/p'\'''
lt_cv_sys_global_symbol_to_c_name_address='sed -n -e '\''s/^: \([^ ]*\) $/  {\"\1\", (void *) 0},/p'\'' -e '\''s/^[ABCDGIRSTW]* \([^ ]*\) \([^ ]*\)$/  {"\2", (void *) \&\2},/p'\'''
lt_cv_sys_global_symbol_to_c_name_address_lib_prefix='sed -n -e '\''s/^: \([^ ]*\) $/  {\"\1\", (void *) 0},/p'\'' -e '\''s/^[ABCDGIRSTW]* \([^ ]*\) \(lib[^ ]*\)$/  {"\2", (void *) \&\2},/p'\'' -e '\''s/^[ABCDGIRSTW]* \([^ ]*\) \([^ ]*\)$/  {"lib\2", (void *) \&\2},/p'\'''
lt_cv_sys_global_symbol_to_cdecl='sed -n -e '\''s/^T .* \(.*\)$/extern int \1();/p'\'' -e '\''s/^[ABCDGIRSTW]* .* \(.*\)$/extern char \1;/p'\'''
lt_cv_sys_max_cmd_len=1572864
pkg_cv_COMMON_CFLAGS='-D_GNU_SOURCE  '
pkg_cv_COMMON_LIBS='-pthread -lccgnu2 -ldl -lrt  '

## ----------------- ##
## Output variables. ##
## ----------------- ##

ACLOCAL='${SHELL} /home/xun/dev/NaoDev/libsrc/ccrtp-1.7.2/autoconf/missing --run aclocal-1.11'
AMDEPBACKSLASH='\'
AMDEP_FALSE='#'
AMDEP_TRUE=''
AMTAR='${SHELL} /home/xun/dev/NaoDev/libsrc/ccrtp-1.7.2/autoconf/missing --run tar'
AR='ar'
AUTOCONF='${SHELL} /home/xun/dev/NaoDev/libsrc/ccrtp-1.7.2/autoconf/missing --run autoconf'
AUTOHEADER='${SHELL} /home/xun/dev/NaoDev/libsrc/ccrtp-1.7.2/autoconf/missing --run autoheader'
AUTOMAKE='${SHELL} /home/xun/dev/NaoDev/libsrc/ccrtp-1.7.2/autoconf/missing --run automake-1.11'
AWK='mawk'
CC='gcc'
CCDEPMODE='depmode=none'
CFLAGS='-g -O2'
COMMON_CFLAGS='-D_GNU_SOURCE  '
COMMON_LIBS='-pthread -lccgnu2 -ldl -lrt  '
CPP='gcc -E'
CPPFLAGS=''
CXX='g++'
CXXCPP='g++ -E'
CXXDEPMODE='depmode=none'
CXXFLAGS='-g -O2 -D_GNU_SOURCE  '
CYGPATH_W='echo'
DEFS='-DHAVE_CONFIG_H'
DEPDIR='.deps'
DOXYGEN='/usr/bin/doxygen'
DOXY_FALSE='#'
DOXY_TRUE=''
DSYMUTIL=''
DUMPBIN=''
ECHO_C=''
ECHO_N='-n'
ECHO_T=''
EGREP='/bin/grep -E'
EXEEXT=''
FGREP='/bin/grep -F'
FTPDIR=''
GNULIBS='-L/usr/lib -pthread -lccgnu2 -ldl -lrt   -L/lib/i386-linux-gnu -lgcrypt '
GREP='/bin/grep'
INSTALL_DATA='${INSTALL} -m 644'
INSTALL_PROGRAM='${INSTALL}'
INSTALL_SCRIPT='${INSTALL}'
INSTALL_STRIP_PROGRAM='$(install_sh) -c -s'
KDOC_DIR='$(top_srcdir)/doc'
LD='/usr/bin/ld'
LDFLAGS=''
LIBGCRYPT_CFLAGS=''
LIBGCRYPT_CONFIG='/usr/bin/libgcrypt-config'
LIBGCRYPT_LIBS='-L/lib/i386-linux-gnu -lgcrypt'
LIBOBJS=''
LIBS='-L/lib/i386-linux-gnu -lgcrypt '
LIBTOOL='$(SHELL) $(top_builddir)/libtool'
LIB_MAJOR='0'
LIB_VERSION='1_7'
LIPO=''
LN_S='ln -s'
LTLIBOBJS=''
LT_CCXX_VERSION='-version-info 0:2'
LT_MAJOR='0'
LT_MINOR='2'
LT_RELEASE='1.7'
LT_SUBVER='0.2'
MAINT='#'
MAINTAINER_MODE_FALSE=''
MAINTAINER_MODE_TRUE='#'
MAKEINFO='${SHELL} /home/xun/dev/NaoDev/libsrc/ccrtp-1.7.2/autoconf/missing --run makeinfo'
MKDIR_P='/bin/mkdir -p'
NM='/usr/bin/nm -B'
NMEDIT=''
OBJDUMP='objdump'
OBJEXT='o'
OTOOL64=''
OTOOL=''
PACKAGE='ccrtp'
PACKAGE_BUGREPORT=''
PACKAGE_NAME=''
PACKAGE_STRING=''
PACKAGE_TARNAME=''
PACKAGE_URL=''
PACKAGE_VERSION=''
PATH_SEPARATOR=':'
PKG_CONFIG='/usr/bin/pkg-config'
RANLIB='ranlib'
SED='/bin/sed'
SET_MAKE=''
SHELL='/bin/bash'
SRTP_GCRYPT_FALSE='#'
SRTP_GCRYPT_TRUE=''
SRTP_OPENSSL_FALSE=''
SRTP_OPENSSL_TRUE='#'
STRIP='strip'
VERSION='1.7.2'
WARN_FLAGS='-Wall -ansi -pedantic'
ac_ct_CC='gcc'
ac_ct_CXX='g++'
ac_ct_DUMPBIN=''
am__EXEEXT_FALSE=''
am__EXEEXT_TRUE='#'
am__fastdepCC_FALSE=''
am__fastdepCC_TRUE='#'
am__fastdepCXX_FALSE=''
am__fastdepCXX_TRUE='#'
am__include='include'
am__isrc=''
am__leading_dot='.'
am__quote=''
am__tar='${AMTAR} chof - "$$tardir"'
am__untar='${AMTAR} xf -'
bindir='${exec_prefix}/bin'
build='i686-pc-linux-gnu'
build_alias=''
build_cpu='i686'
build_os='linux-gnu'
build_vendor='pc'
datadir='${datarootdir}'
datarootdir='${prefix}/share'
docdir='${datarootdir}/doc/${PACKAGE}'
dvidir='${docdir}'
exec_prefix='${prefix}'
host='i686-pc-linux-gnu'
host_alias=''
host_cpu='i686'
host_os='linux-gnu'
host_vendor='pc'
htmldir='${docdir}'
includedir='${prefix}/include'
infodir='${datarootdir}/info'
install_sh='${SHELL} /home/xun/dev/NaoDev/libsrc/ccrtp-1.7.2/autoconf/install-sh'
libdir='${exec_prefix}/lib'
libexecdir='${exec_prefix}/libexec'
localedir='${datarootdir}/locale'
localstatedir='${prefix}/var'
lt_ECHO='echo'
mandir='${datarootdir}/man'
mkdir_p='/bin/mkdir -p'
oldincludedir='/usr/include'
pdfdir='${docdir}'
prefix='/usr/local'
program_transform_name='s,x,x,'
psdir='${docdir}'
sbindir='${exec_prefix}/sbin'
sharedstatedir='${prefix}/com'
sysconfdir='${prefix}/etc'
target='i686-pc-linux-gnu'
target_alias=''
target_cpu='i686'
target_os='linux-gnu'
target_vendor='pc'

## ----------- ##
## confdefs.h. ##
## ----------- ##

/* confdefs.h */
#define PACKAGE_NAME ""
#define PACKAGE_TARNAME ""
#define PACKAGE_VERSION ""
#define PACKAGE_STRING ""
#define PACKAGE_BUGREPORT ""
#define PACKAGE_URL ""
#define STDC_HEADERS 1
#define HAVE_SYS_TYPES_H 1
#define HAVE_SYS_STAT_H 1
#define HAVE_STDLIB_H 1
#define HAVE_STRING_H 1
#define HAVE_MEMORY_H 1
#define HAVE_STRINGS_H 1
#define HAVE_INTTYPES_H 1
#define HAVE_STDINT_H 1
#define HAVE_UNISTD_H 1
#define HAVE_DLFCN_H 1
#define LT_OBJDIR ".libs/"
#define PACKAGE "ccrtp"
#define VERSION "1.7.2"
#define restrict __restrict
#define SRTP_SUPPORT /**/
#define HAVE_GCRYPT_H 1

configure: exit 0
