This file contains any messages produced by compilers while
running configure, to aid debugging if configure makes a mistake.

It was created by configure, which was
generated by GNU Autoconf 2.65.  Invocation command line was

  $ ./configure 

## --------- ##
## Platform. ##
## --------- ##

hostname = Andromeda
uname -m = i686
uname -r = 3.0.0-24-generic
uname -s = Linux
uname -v = #40-Ubuntu SMP Tue Jul 24 15:36:59 UTC 2012

/usr/bin/uname -p = unknown
/bin/uname -X     = unknown

/bin/arch              = unknown
/usr/bin/arch -k       = unknown
/usr/convex/getsysinfo = unknown
/usr/bin/hostinfo      = unknown
/bin/machine           = unknown
/usr/bin/oslevel       = unknown
/bin/universe          = unknown

PATH: /opt/ros/electric/ros/bin
PATH: /opt/ros/electric/ros/bin
PATH: /usr/lib/lightdm/lightdm
PATH: /usr/local/sbin
PATH: /usr/local/bin
PATH: /usr/sbin
PATH: /usr/bin
PATH: /sbin
PATH: /bin
PATH: /usr/games


## ----------- ##
## Core tests. ##
## ----------- ##

configure:2575: checking for a BSD-compatible install
configure:2643: result: /usr/bin/install -c
configure:2654: checking whether build environment is sane
configure:2704: result: yes
configure:2845: checking for a thread-safe mkdir -p
configure:2884: result: /bin/mkdir -p
configure:2897: checking for gawk
configure:2927: result: no
configure:2897: checking for mawk
configure:2913: found /usr/bin/mawk
configure:2924: result: mawk
configure:2935: checking whether make sets $(MAKE)
configure:2957: result: yes
configure:3029: checking whether to enable maintainer-specific portions of Makefiles
configure:3038: result: no
configure:3056: checking build system type
configure:3070: result: i686-pc-linux-gnu
configure:3090: checking host system type
configure:3103: result: i686-pc-linux-gnu
configure:3160: checking for style of include used by make
configure:3188: result: GNU
configure:3258: checking for gcc
configure:3274: found /usr/bin/gcc
configure:3285: result: gcc
configure:3514: checking for C compiler version
configure:3523: gcc --version >&5
gcc (Ubuntu/Linaro 4.6.1-9ubuntu3) 4.6.1
Copyright (C) 2011 Free Software Foundation, Inc.
This is free software; see the source for copying conditions.  There is NO
warranty; not even for MERCHANTABILITY or FITNESS FOR A PARTICULAR PURPOSE.

configure:3534: $? = 0
configure:3523: gcc -v >&5
Using built-in specs.
COLLECT_GCC=gcc
COLLECT_LTO_WRAPPER=/usr/lib/gcc/i686-linux-gnu/4.6.1/lto-wrapper
Target: i686-linux-gnu
Configured with: ../src/configure -v --with-pkgversion='Ubuntu/Linaro 4.6.1-9ubuntu3' --with-bugurl=file:///usr/share/doc/gcc-4.6/README.Bugs --enable-languages=c,c++,fortran,objc,obj-c++,go --prefix=/usr --program-suffix=-4.6 --enable-shared --enable-linker-build-id --with-system-zlib --libexecdir=/usr/lib --without-included-gettext --enable-threads=posix --with-gxx-include-dir=/usr/include/c++/4.6 --libdir=/usr/lib --enable-nls --with-sysroot=/ --enable-clocale=gnu --enable-libstdcxx-debug --enable-libstdcxx-time=yes --enable-plugin --enable-objc-gc --enable-targets=all --disable-werror --with-arch-32=i686 --with-tune=generic --enable-checking=release --build=i686-linux-gnu --host=i686-linux-gnu --target=i686-linux-gnu
Thread model: posix
gcc version 4.6.1 (Ubuntu/Linaro 4.6.1-9ubuntu3) 
configure:3534: $? = 0
configure:3523: gcc -V >&5
gcc: error: unrecognized option '-V'
gcc: fatal error: no input files
compilation terminated.
configure:3534: $? = 4
configure:3523: gcc -qversion >&5
gcc: error: unrecognized option '-qversion'
gcc: fatal error: no input files
compilation terminated.
configure:3534: $? = 4
configure:3554: checking whether the C compiler works
configure:3576: gcc    conftest.c  >&5
configure:3580: $? = 0
configure:3629: result: yes
configure:3632: checking for C compiler default output file name
configure:3634: result: a.out
configure:3640: checking for suffix of executables
configure:3647: gcc -o conftest    conftest.c  >&5
configure:3651: $? = 0
configure:3673: result: 
configure:3695: checking whether we are cross compiling
configure:3703: gcc -o conftest    conftest.c  >&5
configure:3707: $? = 0
configure:3714: ./conftest
configure:3718: $? = 0
configure:3733: result: no
configure:3738: checking for suffix of object files
configure:3760: gcc -c   conftest.c >&5
configure:3764: $? = 0
configure:3785: result: o
configure:3789: checking whether we are using the GNU C compiler
configure:3808: gcc -c   conftest.c >&5
configure:3808: $? = 0
configure:3817: result: yes
configure:3826: checking whether gcc accepts -g
configure:3846: gcc -c -g  conftest.c >&5
configure:3846: $? = 0
configure:3887: result: yes
configure:3904: checking for gcc option to accept ISO C89
configure:3968: gcc  -c -g -O2  conftest.c >&5
configure:3968: $? = 0
configure:3981: result: none needed
configure:4003: checking dependency style of gcc
configure:4113: result: gcc3
configure:4128: checking for a sed that does not truncate output
configure:4192: result: /bin/sed
configure:4210: checking for grep that handles long lines and -e
configure:4268: result: /bin/grep
configure:4273: checking for egrep
configure:4335: result: /bin/grep -E
configure:4340: checking for fgrep
configure:4402: result: /bin/grep -F
configure:4437: checking for ld used by gcc
configure:4504: result: /usr/bin/ld
configure:4511: checking if the linker (/usr/bin/ld) is GNU ld
configure:4526: result: yes
configure:4538: checking for BSD- or MS-compatible name lister (nm)
configure:4587: result: /usr/bin/nm -B
configure:4705: checking the name lister (/usr/bin/nm -B) interface
configure:4712: gcc -c -g -O2  conftest.c >&5
configure:4715: /usr/bin/nm -B "conftest.o"
configure:4718: output
00000000 B some_variable
configure:4725: result: BSD nm
configure:4728: checking whether ln -s works
configure:4732: result: yes
configure:4740: checking the maximum length of command line arguments
configure:4860: result: 1572864
configure:4877: checking whether the shell understands some XSI constructs
configure:4887: result: yes
configure:4891: checking whether the shell understands "+="
configure:4897: result: yes
configure:4932: checking for /usr/bin/ld option to reload object files
configure:4939: result: -r
configure:5008: checking for objdump
configure:5024: found /usr/bin/objdump
configure:5035: result: objdump
configure:5067: checking how to recognize dependent libraries
configure:5263: result: pass_all
configure:5323: checking for ar
configure:5339: found /usr/bin/ar
configure:5350: result: ar
configure:5428: checking for strip
configure:5444: found /usr/bin/strip
configure:5455: result: strip
configure:5527: checking for ranlib
configure:5543: found /usr/bin/ranlib
configure:5554: result: ranlib
configure:5644: checking command to parse /usr/bin/nm -B output from gcc object
configure:5762: gcc -c -g -O2  conftest.c >&5
configure:5765: $? = 0
configure:5769: /usr/bin/nm -B conftest.o \| sed -n -e 's/^.*[	 ]\([ABCDGIRSTW][ABCDGIRSTW]*\)[	 ][	 ]*\([_A-Za-z][_A-Za-z0-9]*\)$/\1 \2 \2/p' \> conftest.nm
configure:5772: $? = 0
configure:5826: gcc -o conftest -g -O2   conftest.c conftstm.o >&5
configure:5829: $? = 0
configure:5867: result: ok
configure:6676: checking how to run the C preprocessor
configure:6707: gcc -E  conftest.c
configure:6707: $? = 0
configure:6721: gcc -E  conftest.c
conftest.c:9:28: fatal error: ac_nonexistent.h: No such file or directory
compilation terminated.
configure:6721: $? = 1
configure: failed program was:
| /* confdefs.h */
| #define PACKAGE_NAME ""
| #define PACKAGE_TARNAME ""
| #define PACKAGE_VERSION ""
| #define PACKAGE_STRING ""
| #define PACKAGE_BUGREPORT ""
| #define PACKAGE_URL ""
| /* end confdefs.h.  */
| #include <ac_nonexistent.h>
configure:6746: result: gcc -E
configure:6766: gcc -E  conftest.c
configure:6766: $? = 0
configure:6780: gcc -E  conftest.c
conftest.c:9:28: fatal error: ac_nonexistent.h: No such file or directory
compilation terminated.
configure:6780: $? = 1
configure: failed program was:
| /* confdefs.h */
| #define PACKAGE_NAME ""
| #define PACKAGE_TARNAME ""
| #define PACKAGE_VERSION ""
| #define PACKAGE_STRING ""
| #define PACKAGE_BUGREPORT ""
| #define PACKAGE_URL ""
| /* end confdefs.h.  */
| #include <ac_nonexistent.h>
configure:6809: checking for ANSI C header files
configure:6829: gcc -c -g -O2  conftest.c >&5
configure:6829: $? = 0
configure:6902: gcc -o conftest -g -O2   conftest.c  >&5
configure:6902: $? = 0
configure:6902: ./conftest
configure:6902: $? = 0
configure:6913: result: yes
configure:6926: checking for sys/types.h
configure:6926: gcc -c -g -O2  conftest.c >&5
configure:6926: $? = 0
configure:6926: result: yes
configure:6926: checking for sys/stat.h
configure:6926: gcc -c -g -O2  conftest.c >&5
configure:6926: $? = 0
configure:6926: result: yes
configure:6926: checking for stdlib.h
configure:6926: gcc -c -g -O2  conftest.c >&5
configure:6926: $? = 0
configure:6926: result: yes
configure:6926: checking for string.h
configure:6926: gcc -c -g -O2  conftest.c >&5
configure:6926: $? = 0
configure:6926: result: yes
configure:6926: checking for memory.h
configure:6926: gcc -c -g -O2  conftest.c >&5
configure:6926: $? = 0
configure:6926: result: yes
configure:6926: checking for strings.h
configure:6926: gcc -c -g -O2  conftest.c >&5
configure:6926: $? = 0
configure:6926: result: yes
configure:6926: checking for inttypes.h
configure:6926: gcc -c -g -O2  conftest.c >&5
configure:6926: $? = 0
configure:6926: result: yes
configure:6926: checking for stdint.h
configure:6926: gcc -c -g -O2  conftest.c >&5
configure:6926: $? = 0
configure:6926: result: yes
configure:6926: checking for unistd.h
configure:6926: gcc -c -g -O2  conftest.c >&5
configure:6926: $? = 0
configure:6926: result: yes
configure:6941: checking for dlfcn.h
configure:6941: gcc -c -g -O2  conftest.c >&5
configure:6941: $? = 0
configure:6941: result: yes
configure:7125: checking for objdir
configure:7140: result: .libs
configure:7432: checking if gcc supports -fno-rtti -fno-exceptions
configure:7450: gcc -c -g -O2  -fno-rtti -fno-exceptions conftest.c >&5
cc1: warning: command line option '-fno-rtti' is valid for C++/ObjC++ but not for C [enabled by default]
configure:7454: $? = 0
configure:7467: result: no
configure:7487: checking for gcc option to produce PIC
configure:7759: result: -fPIC -DPIC
configure:7771: checking if gcc PIC flag -fPIC -DPIC works
configure:7789: gcc -c -g -O2  -fPIC -DPIC -DPIC conftest.c >&5
configure:7793: $? = 0
configure:7806: result: yes
configure:7830: checking if gcc static flag -static works
configure:7858: result: yes
configure:7873: checking if gcc supports -c -o file.o
configure:7894: gcc -c -g -O2  -o out/conftest2.o conftest.c >&5
configure:7898: $? = 0
configure:7920: result: yes
configure:7928: checking if gcc supports -c -o file.o
configure:7975: result: yes
configure:8008: checking whether the gcc linker (/usr/bin/ld) supports shared libraries
configure:8999: result: yes
configure:9036: checking whether -lc should be explicitly linked in
configure:9041: gcc -c -g -O2  conftest.c >&5
configure:9044: $? = 0
configure:9059: gcc -shared conftest.o  -v -Wl,-soname -Wl,conftest -o conftest 2\>\&1 \| /bin/grep  -lc  \>/dev/null 2\>\&1
configure:9062: $? = 0
configure:9074: result: no
configure:9238: checking dynamic linker characteristics
configure:9671: gcc -o conftest -g -O2   -Wl,-rpath -Wl,/foo conftest.c  >&5
configure:9671: $? = 0
configure:9901: result: GNU/Linux ld.so
configure:10003: checking how to hardcode library paths into programs
configure:10028: result: immediate
configure:10548: checking whether stripping libraries is possible
configure:10553: result: yes
configure:10588: checking if libtool supports shared libraries
configure:10590: result: yes
configure:10593: checking whether to build shared libraries
configure:10614: result: yes
configure:10617: checking whether to build static libraries
configure:10621: result: yes
configure:10657: checking for gcc option to accept ISO C99
configure:10806: gcc  -c -g -O2  conftest.c >&5
conftest.c:71:29: error: expected ';', ',' or ')' before 'text'
conftest.c: In function 'main':
conftest.c:125:18: error: expected '=', ',', ';', 'asm' or '__attribute__' before 'newvar'
conftest.c:125:18: error: 'newvar' undeclared (first use in this function)
conftest.c:125:18: note: each undeclared identifier is reported only once for each function it appears in
conftest.c:135:3: error: 'for' loop initial declarations are only allowed in C99 mode
conftest.c:135:3: note: use option -std=c99 or -std=gnu99 to compile your code
configure:10806: $? = 1
configure: failed program was:
| /* confdefs.h */
| #define PACKAGE_NAME ""
| #define PACKAGE_TARNAME ""
| #define PACKAGE_VERSION ""
| #define PACKAGE_STRING ""
| #define PACKAGE_BUGREPORT ""
| #define PACKAGE_URL ""
| #define STDC_HEADERS 1
| #define HAVE_SYS_TYPES_H 1
| #define HAVE_SYS_STAT_H 1
| #define HAVE_STDLIB_H 1
| #define HAVE_STRING_H 1
| #define HAVE_MEMORY_H 1
| #define HAVE_STRINGS_H 1
| #define HAVE_INTTYPES_H 1
| #define HAVE_STDINT_H 1
| #define HAVE_UNISTD_H 1
| #define HAVE_DLFCN_H 1
| #define LT_OBJDIR ".libs/"
| /* end confdefs.h.  */
| #include <stdarg.h>
| #include <stdbool.h>
| #include <stdlib.h>
| #include <wchar.h>
| #include <stdio.h>
| 
| // Check varargs macros.  These examples are taken from C99 6.10.3.5.
| #define debug(...) fprintf (stderr, __VA_ARGS__)
| #define showlist(...) puts (#__VA_ARGS__)
| #define report(test,...) ((test) ? puts (#test) : printf (__VA_ARGS__))
| static void
| test_varargs_macros (void)
| {
|   int x = 1234;
|   int y = 5678;
|   debug ("Flag");
|   debug ("X = %d\n", x);
|   showlist (The first, second, and third items.);
|   report (x>y, "x is %d but y is %d", x, y);
| }
| 
| // Check long long types.
| #define BIG64 18446744073709551615ull
| #define BIG32 4294967295ul
| #define BIG_OK (BIG64 / BIG32 == 4294967297ull && BIG64 % BIG32 == 0)
| #if !BIG_OK
|   your preprocessor is broken;
| #endif
| #if BIG_OK
| #else
|   your preprocessor is broken;
| #endif
| static long long int bignum = -9223372036854775807LL;
| static unsigned long long int ubignum = BIG64;
| 
| struct incomplete_array
| {
|   int datasize;
|   double data[];
| };
| 
| struct named_init {
|   int number;
|   const wchar_t *name;
|   double average;
| };
| 
| typedef const char *ccp;
| 
| static inline int
| test_restrict (ccp restrict text)
| {
|   // See if C++-style comments work.
|   // Iterate through items via the restricted pointer.
|   // Also check for declarations in for loops.
|   for (unsigned int i = 0; *(text+i) != '\0'; ++i)
|     continue;
|   return 0;
| }
| 
| // Check varargs and va_copy.
| static void
| test_varargs (const char *format, ...)
| {
|   va_list args;
|   va_start (args, format);
|   va_list args_copy;
|   va_copy (args_copy, args);
| 
|   const char *str;
|   int number;
|   float fnumber;
| 
|   while (*format)
|     {
|       switch (*format++)
| 	{
| 	case 's': // string
| 	  str = va_arg (args_copy, const char *);
| 	  break;
| 	case 'd': // int
| 	  number = va_arg (args_copy, int);
| 	  break;
| 	case 'f': // float
| 	  fnumber = va_arg (args_copy, double);
| 	  break;
| 	default:
| 	  break;
| 	}
|     }
|   va_end (args_copy);
|   va_end (args);
| }
| 
| int
| main ()
| {
| 
|   // Check bool.
|   _Bool success = false;
| 
|   // Check restrict.
|   if (test_restrict ("String literal") == 0)
|     success = true;
|   char *restrict newvar = "Another string";
| 
|   // Check varargs.
|   test_varargs ("s, d' f .", "string", 65, 34.234);
|   test_varargs_macros ();
| 
|   // Check flexible array members.
|   struct incomplete_array *ia =
|     malloc (sizeof (struct incomplete_array) + (sizeof (double) * 10));
|   ia->datasize = 10;
|   for (int i = 0; i < ia->datasize; ++i)
|     ia->data[i] = i * 1.234;
| 
|   // Check named initializers.
|   struct named_init ni = {
|     .number = 34,
|     .name = L"Test wide string",
|     .average = 543.34343,
|   };
| 
|   ni.number = 58;
| 
|   int dynamic_array[ni.number];
|   dynamic_array[ni.number - 1] = 543;
| 
|   // work around unused variable warnings
|   return (!success || bignum == 0LL || ubignum == 0uLL || newvar[0] == 'x'
| 	  || dynamic_array[ni.number - 1] != 543);
| 
|   ;
|   return 0;
| }
configure:10806: gcc -std=gnu99 -c -g -O2  conftest.c >&5
configure:10806: $? = 0
configure:10826: result: -std=gnu99
configure:10834: checking whether byte ordering is bigendian
configure:10849: gcc -std=gnu99 -c -g -O2  conftest.c >&5
conftest.c:22:9: error: unknown type name 'not'
conftest.c:22:15: error: expected '=', ',', ';', 'asm' or '__attribute__' before 'universal'
conftest.c:22:15: error: unknown type name 'universal'
configure:10849: $? = 1
configure: failed program was:
| /* confdefs.h */
| #define PACKAGE_NAME ""
| #define PACKAGE_TARNAME ""
| #define PACKAGE_VERSION ""
| #define PACKAGE_STRING ""
| #define PACKAGE_BUGREPORT ""
| #define PACKAGE_URL ""
| #define STDC_HEADERS 1
| #define HAVE_SYS_TYPES_H 1
| #define HAVE_SYS_STAT_H 1
| #define HAVE_STDLIB_H 1
| #define HAVE_STRING_H 1
| #define HAVE_MEMORY_H 1
| #define HAVE_STRINGS_H 1
| #define HAVE_INTTYPES_H 1
| #define HAVE_STDINT_H 1
| #define HAVE_UNISTD_H 1
| #define HAVE_DLFCN_H 1
| #define LT_OBJDIR ".libs/"
| /* end confdefs.h.  */
| #ifndef __APPLE_CC__
| 	       not a universal capable compiler
| 	     #endif
| 	     typedef int dummy;
| 
configure:10894: gcc -std=gnu99 -c -g -O2  conftest.c >&5
configure:10894: $? = 0
configure:10912: gcc -std=gnu99 -c -g -O2  conftest.c >&5
conftest.c: In function 'main':
conftest.c:28:4: error: unknown type name 'not'
conftest.c:28:12: error: expected '=', ',', ';', 'asm' or '__attribute__' before 'endian'
configure:10912: $? = 1
configure: failed program was:
| /* confdefs.h */
| #define PACKAGE_NAME ""
| #define PACKAGE_TARNAME ""
| #define PACKAGE_VERSION ""
| #define PACKAGE_STRING ""
| #define PACKAGE_BUGREPORT ""
| #define PACKAGE_URL ""
| #define STDC_HEADERS 1
| #define HAVE_SYS_TYPES_H 1
| #define HAVE_SYS_STAT_H 1
| #define HAVE_STDLIB_H 1
| #define HAVE_STRING_H 1
| #define HAVE_MEMORY_H 1
| #define HAVE_STRINGS_H 1
| #define HAVE_INTTYPES_H 1
| #define HAVE_STDINT_H 1
| #define HAVE_UNISTD_H 1
| #define HAVE_DLFCN_H 1
| #define LT_OBJDIR ".libs/"
| /* end confdefs.h.  */
| #include <sys/types.h>
| 		#include <sys/param.h>
| 
| int
| main ()
| {
| #if BYTE_ORDER != BIG_ENDIAN
| 		 not big endian
| 		#endif
| 
|   ;
|   return 0;
| }
configure:11040: result: no
configure:11058: checking for an ANSI C-conforming const
configure:11123: gcc -std=gnu99 -c -g -O2  conftest.c >&5
configure:11123: $? = 0
configure:11130: result: yes
configure:11138: checking for inline
configure:11154: gcc -std=gnu99 -c -g -O2  conftest.c >&5
configure:11154: $? = 0
configure:11162: result: inline
configure:11180: checking for C/C++ restrict keyword
configure:11205: gcc -std=gnu99 -c -g -O2  conftest.c >&5
configure:11205: $? = 0
configure:11213: result: __restrict
configure:11231: checking for C99 variable-size arrays
configure:11247: gcc -std=gnu99 -c -g -O2  conftest.c >&5
configure:11247: $? = 0
configure:11257: result: yes
configure:11263: checking alloca.h usability
configure:11263: gcc -std=gnu99 -c -g -O2  conftest.c >&5
configure:11263: $? = 0
configure:11263: result: yes
configure:11263: checking alloca.h presence
configure:11263: gcc -E  conftest.c
configure:11263: $? = 0
configure:11263: result: yes
configure:11263: checking for alloca.h
configure:11263: result: yes
configure:11263: checking getopt.h usability
configure:11263: gcc -std=gnu99 -c -g -O2  conftest.c >&5
configure:11263: $? = 0
configure:11263: result: yes
configure:11263: checking getopt.h presence
configure:11263: gcc -E  conftest.c
configure:11263: $? = 0
configure:11263: result: yes
configure:11263: checking for getopt.h
configure:11263: result: yes
configure:11274: checking for alloca
configure:11290: gcc -std=gnu99 -c -g -O2  conftest.c >&5
configure:11290: $? = 0
configure:11304: result: yes
configure:11310: checking sys/soundcard.h usability
configure:11310: gcc -std=gnu99 -c -g -O2  conftest.c >&5
configure:11310: $? = 0
configure:11310: result: yes
configure:11310: checking sys/soundcard.h presence
configure:11310: gcc -E  conftest.c
configure:11310: $? = 0
configure:11310: result: yes
configure:11310: checking for sys/soundcard.h
configure:11310: result: yes
configure:11310: checking sys/audioio.h usability
configure:11310: gcc -std=gnu99 -c -g -O2  conftest.c >&5
conftest.c:60:25: fatal error: sys/audioio.h: No such file or directory
compilation terminated.
configure:11310: $? = 1
configure: failed program was:
| /* confdefs.h */
| #define PACKAGE_NAME ""
| #define PACKAGE_TARNAME ""
| #define PACKAGE_VERSION ""
| #define PACKAGE_STRING ""
| #define PACKAGE_BUGREPORT ""
| #define PACKAGE_URL ""
| #define STDC_HEADERS 1
| #define HAVE_SYS_TYPES_H 1
| #define HAVE_SYS_STAT_H 1
| #define HAVE_STDLIB_H 1
| #define HAVE_STRING_H 1
| #define HAVE_MEMORY_H 1
| #define HAVE_STRINGS_H 1
| #define HAVE_INTTYPES_H 1
| #define HAVE_STDINT_H 1
| #define HAVE_UNISTD_H 1
| #define HAVE_DLFCN_H 1
| #define LT_OBJDIR ".libs/"
| #define restrict __restrict
| #define CELT_BUILD /**/
| #define VAR_ARRAYS /**/
| #define HAVE_ALLOCA_H 1
| #define HAVE_GETOPT_H 1
| #define HAVE_SYS_SOUNDCARD_H 1
| /* end confdefs.h.  */
| #include <stdio.h>
| #ifdef HAVE_SYS_TYPES_H
| # include <sys/types.h>
| #endif
| #ifdef HAVE_SYS_STAT_H
| # include <sys/stat.h>
| #endif
| #ifdef STDC_HEADERS
| # include <stdlib.h>
| # include <stddef.h>
| #else
| # ifdef HAVE_STDLIB_H
| #  include <stdlib.h>
| # endif
| #endif
| #ifdef HAVE_STRING_H
| # if !defined STDC_HEADERS && defined HAVE_MEMORY_H
| #  include <memory.h>
| # endif
| # include <string.h>
| #endif
| #ifdef HAVE_STRINGS_H
| # include <strings.h>
| #endif
| #ifdef HAVE_INTTYPES_H
| # include <inttypes.h>
| #endif
| #ifdef HAVE_STDINT_H
| # include <stdint.h>
| #endif
| #ifdef HAVE_UNISTD_H
| # include <unistd.h>
| #endif
| #include <sys/audioio.h>
configure:11310: result: no
configure:11310: checking sys/audioio.h presence
configure:11310: gcc -E  conftest.c
conftest.c:27:25: fatal error: sys/audioio.h: No such file or directory
compilation terminated.
configure:11310: $? = 1
configure: failed program was:
| /* confdefs.h */
| #define PACKAGE_NAME ""
| #define PACKAGE_TARNAME ""
| #define PACKAGE_VERSION ""
| #define PACKAGE_STRING ""
| #define PACKAGE_BUGREPORT ""
| #define PACKAGE_URL ""
| #define STDC_HEADERS 1
| #define HAVE_SYS_TYPES_H 1
| #define HAVE_SYS_STAT_H 1
| #define HAVE_STDLIB_H 1
| #define HAVE_STRING_H 1
| #define HAVE_MEMORY_H 1
| #define HAVE_STRINGS_H 1
| #define HAVE_INTTYPES_H 1
| #define HAVE_STDINT_H 1
| #define HAVE_UNISTD_H 1
| #define HAVE_DLFCN_H 1
| #define LT_OBJDIR ".libs/"
| #define restrict __restrict
| #define CELT_BUILD /**/
| #define VAR_ARRAYS /**/
| #define HAVE_ALLOCA_H 1
| #define HAVE_GETOPT_H 1
| #define HAVE_SYS_SOUNDCARD_H 1
| /* end confdefs.h.  */
| #include <sys/audioio.h>
configure:11310: result: no
configure:11310: checking for sys/audioio.h
configure:11310: result: no
configure:11379: checking for Ogg
configure:11414: gcc -std=gnu99 -o conftest -g -O2    conftest.c   -logg >&5
conftest.c: In function 'main':
conftest.c:35:9: warning: ignoring return value of 'system', declared with attribute warn_unused_result [-Wunused-result]
configure:11414: $? = 0
configure:11414: ./conftest
configure:11414: $? = 0
configure:11432: result: yes
configure:11491: checking for sin in -lm
configure:11516: gcc -std=gnu99 -o conftest -g -O2   conftest.c -lm   >&5
conftest.c:34:6: warning: conflicting types for built-in function 'sin' [enabled by default]
configure:11516: $? = 0
configure:11525: result: yes
configure:11540: checking for getopt_long
configure:11540: gcc -std=gnu99 -o conftest -g -O2   conftest.c -lm  >&5
configure:11540: $? = 0
configure:11540: result: yes
configure:11607: checking for main in -lwinmm
configure:11626: gcc -std=gnu99 -o conftest -g -O2   conftest.c -lwinmm  -lm  >&5
/usr/bin/ld: cannot find -lwinmm
collect2: ld returned 1 exit status
configure:11626: $? = 1
configure: failed program was:
| /* confdefs.h */
| #define PACKAGE_NAME ""
| #define PACKAGE_TARNAME ""
| #define PACKAGE_VERSION ""
| #define PACKAGE_STRING ""
| #define PACKAGE_BUGREPORT ""
| #define PACKAGE_URL ""
| #define STDC_HEADERS 1
| #define HAVE_SYS_TYPES_H 1
| #define HAVE_SYS_STAT_H 1
| #define HAVE_STDLIB_H 1
| #define HAVE_STRING_H 1
| #define HAVE_MEMORY_H 1
| #define HAVE_STRINGS_H 1
| #define HAVE_INTTYPES_H 1
| #define HAVE_STDINT_H 1
| #define HAVE_UNISTD_H 1
| #define HAVE_DLFCN_H 1
| #define LT_OBJDIR ".libs/"
| #define restrict __restrict
| #define CELT_BUILD /**/
| #define VAR_ARRAYS /**/
| #define HAVE_ALLOCA_H 1
| #define HAVE_GETOPT_H 1
| #define HAVE_SYS_SOUNDCARD_H 1
| #define HAVE_LIBM 1
| #define HAVE_GETOPT_LONG 1
| /* end confdefs.h.  */
| 
| 
| int
| main ()
| {
| return main ();
|   ;
|   return 0;
| }
configure:11635: result: no
configure:11772: checking if  supports -fvisibility=hidden
configure:11778: gcc -std=gnu99 -c -g -O2 -fvisibility=hidden  conftest.c >&5
configure:11778: $? = 0
configure:11779: result: yes
configure:11797: checking for lrintf
configure:11797: gcc -std=gnu99 -o conftest -g -O2 -fvisibility=hidden -W -Wstrict-prototypes -Wall -Wextra -Wcast-align -Wnested-externs -Wshadow -Wno-parentheses -Wno-unused-parameter -Wno-sign-compare   conftest.c -lm  >&5
conftest.c:58:1: warning: function declaration isn't a prototype [-Wstrict-prototypes]
conftest.c:58:6: warning: conflicting types for built-in function 'lrintf' [enabled by default]
conftest.c:67:1: warning: function declaration isn't a prototype [-Wstrict-prototypes]
configure:11797: $? = 0
configure:11797: result: yes
configure:11808: checking for lrint
configure:11808: gcc -std=gnu99 -o conftest -g -O2 -fvisibility=hidden -W -Wstrict-prototypes -Wall -Wextra -Wcast-align -Wnested-externs -Wshadow -Wno-parentheses -Wno-unused-parameter -Wno-sign-compare   conftest.c -lm  >&5
conftest.c:59:1: warning: function declaration isn't a prototype [-Wstrict-prototypes]
conftest.c:59:6: warning: conflicting types for built-in function 'lrint' [enabled by default]
conftest.c:68:1: warning: function declaration isn't a prototype [-Wstrict-prototypes]
configure:11808: $? = 0
configure:11808: result: yes
configure:11822: checking size of short
configure:11827: gcc -std=gnu99 -o conftest -g -O2 -fvisibility=hidden -W -Wstrict-prototypes -Wall -Wextra -Wcast-align -Wnested-externs -Wshadow -Wno-parentheses -Wno-unused-parameter -Wno-sign-compare   conftest.c -lm  >&5
conftest.c:70:17: warning: function declaration isn't a prototype [-Wstrict-prototypes]
conftest.c:71:26: warning: function declaration isn't a prototype [-Wstrict-prototypes]
conftest.c:75:1: warning: function declaration isn't a prototype [-Wstrict-prototypes]
configure:11827: $? = 0
configure:11827: ./conftest
configure:11827: $? = 0
configure:11842: result: 2
configure:11856: checking size of int
configure:11861: gcc -std=gnu99 -o conftest -g -O2 -fvisibility=hidden -W -Wstrict-prototypes -Wall -Wextra -Wcast-align -Wnested-externs -Wshadow -Wno-parentheses -Wno-unused-parameter -Wno-sign-compare   conftest.c -lm  >&5
conftest.c:71:17: warning: function declaration isn't a prototype [-Wstrict-prototypes]
conftest.c:72:26: warning: function declaration isn't a prototype [-Wstrict-prototypes]
conftest.c:76:1: warning: function declaration isn't a prototype [-Wstrict-prototypes]
configure:11861: $? = 0
configure:11861: ./conftest
configure:11861: $? = 0
configure:11876: result: 4
configure:11890: checking size of long
configure:11895: gcc -std=gnu99 -o conftest -g -O2 -fvisibility=hidden -W -Wstrict-prototypes -Wall -Wextra -Wcast-align -Wnested-externs -Wshadow -Wno-parentheses -Wno-unused-parameter -Wno-sign-compare   conftest.c -lm  >&5
conftest.c:72:17: warning: function declaration isn't a prototype [-Wstrict-prototypes]
conftest.c:73:26: warning: function declaration isn't a prototype [-Wstrict-prototypes]
conftest.c:77:1: warning: function declaration isn't a prototype [-Wstrict-prototypes]
configure:11895: $? = 0
configure:11895: ./conftest
configure:11895: $? = 0
configure:11910: result: 4
configure:11924: checking size of long long
configure:11929: gcc -std=gnu99 -o conftest -g -O2 -fvisibility=hidden -W -Wstrict-prototypes -Wall -Wextra -Wcast-align -Wnested-externs -Wshadow -Wno-parentheses -Wno-unused-parameter -Wno-sign-compare   conftest.c -lm  >&5
conftest.c:73:17: warning: function declaration isn't a prototype [-Wstrict-prototypes]
conftest.c:74:26: warning: function declaration isn't a prototype [-Wstrict-prototypes]
conftest.c:78:1: warning: function declaration isn't a prototype [-Wstrict-prototypes]
configure:11929: $? = 0
configure:11929: ./conftest
configure:11929: $? = 0
configure:11944: result: 8
configure:12115: creating ./config.status

## ---------------------- ##
## Running config.status. ##
## ---------------------- ##

This file was extended by config.status, which was
generated by GNU Autoconf 2.65.  Invocation command line was

  CONFIG_FILES    = 
  CONFIG_HEADERS  = 
  CONFIG_LINKS    = 
  CONFIG_COMMANDS = 
  $ ./config.status 

on Andromeda

config.status:1100: creating Makefile
config.status:1100: creating libcelt/Makefile
config.status:1100: creating tests/Makefile
config.status:1100: creating celt.pc
config.status:1100: creating tools/Makefile
config.status:1100: creating libcelt.spec
config.status:1100: creating config.h
config.status:1320: executing depfiles commands
config.status:1320: executing libtool commands
configure:14342: result:
------------------------------------------------------------------------
  celt 0.11.1:  Automatic configuration OK.

    Compiler support:

      C99 var arrays: ................ yes
      C99 lrintf: .................... yes
      Alloca: ........................ yes

    General configuration:

      Fast float approximations: ..... no
      Fixed point support: ........... no
      Fixed point debugging: ......... no
      Custom modes: .................. no
      Assertion checking: ............ no
------------------------------------------------------------------------


## ---------------- ##
## Cache variables. ##
## ---------------- ##

ac_cv_build=i686-pc-linux-gnu
ac_cv_c_bigendian=no
ac_cv_c_compiler_gnu=yes
ac_cv_c_const=yes
ac_cv_c_inline=inline
ac_cv_c_restrict=__restrict
ac_cv_env_CC_set=
ac_cv_env_CC_value=
ac_cv_env_CFLAGS_set=
ac_cv_env_CFLAGS_value=
ac_cv_env_CPPFLAGS_set=
ac_cv_env_CPPFLAGS_value=
ac_cv_env_CPP_set=
ac_cv_env_CPP_value=
ac_cv_env_LDFLAGS_set=
ac_cv_env_LDFLAGS_value=
ac_cv_env_LIBS_set=
ac_cv_env_LIBS_value=
ac_cv_env_build_alias_set=
ac_cv_env_build_alias_value=
ac_cv_env_host_alias_set=
ac_cv_env_host_alias_value=
ac_cv_env_target_alias_set=
ac_cv_env_target_alias_value=
ac_cv_func_getopt_long=yes
ac_cv_func_lrint=yes
ac_cv_func_lrintf=yes
ac_cv_header_alloca_h=yes
ac_cv_header_dlfcn_h=yes
ac_cv_header_getopt_h=yes
ac_cv_header_inttypes_h=yes
ac_cv_header_memory_h=yes
ac_cv_header_stdc=yes
ac_cv_header_stdint_h=yes
ac_cv_header_stdlib_h=yes
ac_cv_header_string_h=yes
ac_cv_header_strings_h=yes
ac_cv_header_sys_audioio_h=no
ac_cv_header_sys_soundcard_h=yes
ac_cv_header_sys_stat_h=yes
ac_cv_header_sys_types_h=yes
ac_cv_header_unistd_h=yes
ac_cv_host=i686-pc-linux-gnu
ac_cv_lib_m_sin=yes
ac_cv_lib_winmm_main=no
ac_cv_objext=o
ac_cv_path_EGREP='/bin/grep -E'
ac_cv_path_FGREP='/bin/grep -F'
ac_cv_path_GREP=/bin/grep
ac_cv_path_SED=/bin/sed
ac_cv_path_install='/usr/bin/install -c'
ac_cv_path_mkdir=/bin/mkdir
ac_cv_prog_AWK=mawk
ac_cv_prog_CPP='gcc -E'
ac_cv_prog_ac_ct_AR=ar
ac_cv_prog_ac_ct_CC=gcc
ac_cv_prog_ac_ct_OBJDUMP=objdump
ac_cv_prog_ac_ct_RANLIB=ranlib
ac_cv_prog_ac_ct_STRIP=strip
ac_cv_prog_cc_c89=
ac_cv_prog_cc_c99=-std=gnu99
ac_cv_prog_cc_g=yes
ac_cv_prog_make_make_set=yes
ac_cv_sizeof_int=4
ac_cv_sizeof_long=4
ac_cv_sizeof_long_long=8
ac_cv_sizeof_short=2
am_cv_CC_dependencies_compiler_type=gcc3
lt_cv_deplibs_check_method=pass_all
lt_cv_file_magic_cmd='$MAGIC_CMD'
lt_cv_file_magic_test_file=
lt_cv_ld_reload_flag=-r
lt_cv_nm_interface='BSD nm'
lt_cv_objdir=.libs
lt_cv_path_LD=/usr/bin/ld
lt_cv_path_NM='/usr/bin/nm -B'
lt_cv_prog_compiler_c_o=yes
lt_cv_prog_compiler_pic_works=yes
lt_cv_prog_compiler_rtti_exceptions=no
lt_cv_prog_compiler_static_works=yes
lt_cv_prog_gnu_ld=yes
lt_cv_sys_global_symbol_pipe='sed -n -e '\''s/^.*[	 ]\([ABCDGIRSTW][ABCDGIRSTW]*\)[	 ][	 ]*\([_A-Za-z][_A-Za-z0-9]*\)$/\1 \2 \2/p'\'''
lt_cv_sys_global_symbol_to_c_name_address='sed -n -e '\''s/^: \([^ ]*\) $/  {\"\1\", (void *) 0},/p'\'' -e '\''s/^[ABCDGIRSTW]* \([^ ]*\) \([^ ]*\)$/  {"\2", (void *) \&\2},/p'\'''
lt_cv_sys_global_symbol_to_c_name_address_lib_prefix='sed -n -e '\''s/^: \([^ ]*\) $/  {\"\1\", (void *) 0},/p'\'' -e '\''s/^[ABCDGIRSTW]* \([^ ]*\) \(lib[^ ]*\)$/  {"\2", (void *) \&\2},/p'\'' -e '\''s/^[ABCDGIRSTW]* \([^ ]*\) \([^ ]*\)$/  {"lib\2", (void *) \&\2},/p'\'''
lt_cv_sys_global_symbol_to_cdecl='sed -n -e '\''s/^T .* \(.*\)$/extern int \1();/p'\'' -e '\''s/^[ABCDGIRSTW]* .* \(.*\)$/extern char \1;/p'\'''
lt_cv_sys_max_cmd_len=1572864

## ----------------- ##
## Output variables. ##
## ----------------- ##

ACLOCAL='${SHELL} /home/xun/dev/NaoDev/libsrc/celt-0.11.1/missing --run aclocal-1.11'
AMDEPBACKSLASH='\'
AMDEP_FALSE='#'
AMDEP_TRUE=''
AMTAR='${SHELL} /home/xun/dev/NaoDev/libsrc/celt-0.11.1/missing --run tar'
AR='ar'
AUTOCONF='${SHELL} /home/xun/dev/NaoDev/libsrc/celt-0.11.1/missing --run autoconf'
AUTOHEADER='${SHELL} /home/xun/dev/NaoDev/libsrc/celt-0.11.1/missing --run autoheader'
AUTOMAKE='${SHELL} /home/xun/dev/NaoDev/libsrc/celt-0.11.1/missing --run automake-1.11'
AWK='mawk'
CC='gcc -std=gnu99'
CCDEPMODE='depmode=gcc3'
CELT_LT_AGE='0'
CELT_LT_CURRENT='2'
CELT_LT_REVISION='0'
CELT_VERSION='0.11.1'
CFLAGS='-g -O2 -fvisibility=hidden -W -Wstrict-prototypes -Wall -Wextra -Wcast-align -Wnested-externs -Wshadow -Wno-parentheses -Wno-unused-parameter -Wno-sign-compare'
CPP='gcc -E'
CPPFLAGS=''
CYGPATH_W='echo'
DEFS='-DHAVE_CONFIG_H'
DEPDIR='.deps'
DSYMUTIL=''
DUMPBIN=''
ECHO_C=''
ECHO_N='-n'
ECHO_T=''
EGREP='/bin/grep -E'
EXEEXT=''
FGREP='/bin/grep -F'
GREP='/bin/grep'
INSTALL_DATA='${INSTALL} -m 644'
INSTALL_PROGRAM='${INSTALL}'
INSTALL_SCRIPT='${INSTALL}'
INSTALL_STRIP_PROGRAM='$(install_sh) -c -s'
LD='/usr/bin/ld'
LDFLAGS=''
LIBCELT_SUFFIX='0'
LIBOBJS=''
LIBS='-lm '
LIBTOOL='$(SHELL) $(top_builddir)/libtool'
LIPO=''
LN_S='ln -s'
LTLIBOBJS=''
MAINT='#'
MAINTAINER_MODE_FALSE=''
MAINTAINER_MODE_TRUE='#'
MAKEINFO='${SHELL} /home/xun/dev/NaoDev/libsrc/celt-0.11.1/missing --run makeinfo'
MKDIR_P='/bin/mkdir -p'
NM='/usr/bin/nm -B'
NMEDIT=''
OBJDUMP='objdump'
OBJEXT='o'
OGG_CFLAGS=''
OGG_LIBS=' -logg'
OTOOL64=''
OTOOL=''
PACKAGE='celt'
PACKAGE_BUGREPORT=''
PACKAGE_NAME=''
PACKAGE_STRING=''
PACKAGE_TARNAME=''
PACKAGE_URL=''
PACKAGE_VERSION=''
PATH_SEPARATOR=':'
RANLIB='ranlib'
SED='/bin/sed'
SET_MAKE=''
SHELL='/bin/bash'
SIZE16='short'
SIZE32='int'
STRIP='strip'
SYMBOL_VISIBILITY='-fvisibility=hidden'
VERSION='0.11.1'
ac_ct_CC='gcc'
ac_ct_DUMPBIN=''
am__EXEEXT_FALSE=''
am__EXEEXT_TRUE='#'
am__fastdepCC_FALSE='#'
am__fastdepCC_TRUE=''
am__include='include'
am__isrc=''
am__leading_dot='.'
am__quote=''
am__tar='${AMTAR} chof - "$$tardir"'
am__untar='${AMTAR} xf -'
bindir='${exec_prefix}/bin'
build='i686-pc-linux-gnu'
build_alias=''
build_cpu='i686'
build_os='linux-gnu'
build_vendor='pc'
datadir='${datarootdir}'
datarootdir='${prefix}/share'
docdir='${datarootdir}/doc/${PACKAGE}'
dvidir='${docdir}'
exec_prefix='${prefix}'
host='i686-pc-linux-gnu'
host_alias=''
host_cpu='i686'
host_os='linux-gnu'
host_vendor='pc'
htmldir='${docdir}'
includedir='${prefix}/include'
infodir='${datarootdir}/info'
install_sh='${SHELL} /home/xun/dev/NaoDev/libsrc/celt-0.11.1/install-sh'
libdir='${exec_prefix}/lib'
libexecdir='${exec_prefix}/libexec'
localedir='${datarootdir}/locale'
localstatedir='${prefix}/var'
lt_ECHO='echo'
mandir='${datarootdir}/man'
mkdir_p='/bin/mkdir -p'
oldincludedir='/usr/include'
pdfdir='${docdir}'
prefix='/usr/local'
program_transform_name='s,x,x,'
psdir='${docdir}'
sbindir='${exec_prefix}/sbin'
sharedstatedir='${prefix}/com'
sysconfdir='${prefix}/etc'
target_alias=''
tools='tools'

## ----------- ##
## confdefs.h. ##
## ----------- ##

/* confdefs.h */
#define PACKAGE_NAME ""
#define PACKAGE_TARNAME ""
#define PACKAGE_VERSION ""
#define PACKAGE_STRING ""
#define PACKAGE_BUGREPORT ""
#define PACKAGE_URL ""
#define STDC_HEADERS 1
#define HAVE_SYS_TYPES_H 1
#define HAVE_SYS_STAT_H 1
#define HAVE_STDLIB_H 1
#define HAVE_STRING_H 1
#define HAVE_MEMORY_H 1
#define HAVE_STRINGS_H 1
#define HAVE_INTTYPES_H 1
#define HAVE_STDINT_H 1
#define HAVE_UNISTD_H 1
#define HAVE_DLFCN_H 1
#define LT_OBJDIR ".libs/"
#define restrict __restrict
#define CELT_BUILD /**/
#define VAR_ARRAYS /**/
#define HAVE_ALLOCA_H 1
#define HAVE_GETOPT_H 1
#define HAVE_SYS_SOUNDCARD_H 1
#define HAVE_LIBM 1
#define HAVE_GETOPT_LONG 1
#define CELT_VERSION "0.11.1"
#define CELT_MAJOR_VERSION 0
#define CELT_MINOR_VERSION 11
#define CELT_MICRO_VERSION 1
#define CELT_EXTRA_VERSION ""
#define FLOATING_POINT /**/
#define HAVE_LRINTF 1
#define HAVE_LRINT 1
#define SIZEOF_SHORT 2
#define SIZEOF_INT 4
#define SIZEOF_LONG 4
#define SIZEOF_LONG_LONG 8

configure: exit 0
